<?xml version="1.0" encoding="UTF-8"?>
<testsuite name="agh.ii.prinjava.lab02.exc02_01.impl.LinkedListBasedImplTest" tests="4" skipped="0" failures="0" errors="0" timestamp="2021-10-14T21:36:17" hostname="MacBook-Pro-de-Benjamin.local" time="0.068">
  <properties/>
  <testcase name="numOfElems()" classname="agh.ii.prinjava.lab02.exc02_01.impl.LinkedListBasedImplTest" time="0.027"/>
  <testcase name="pop()" classname="agh.ii.prinjava.lab02.exc02_01.impl.LinkedListBasedImplTest" time="0.016"/>
  <testcase name="peek()" classname="agh.ii.prinjava.lab02.exc02_01.impl.LinkedListBasedImplTest" time="0.003"/>
  <testcase name="push()" classname="agh.ii.prinjava.lab02.exc02_01.impl.LinkedListBasedImplTest" time="0.008"/>
  <system-out><![CDATA[1374744945
1596530771
-1258203844
]]></system-out>
  <system-err><![CDATA[]]></system-err>
</testsuite>
